<?xml version="1.0" encoding="UTF-8"?>
<!-- Generated by org.testng.reporters.JUnitXMLReporter -->
<testsuite hostname="MacBook-Pro.local" failures="2" tests="2" name="Command line test" time="0.022" errors="0" timestamp="28 Nov 2018 06:51:14 GMT">
  <testcase classname="poseidon.Tests.SaksTest" name="TestsForSAKS" time="0.006">
    <failure type="java.lang.Error" message="Unresolved compilation problems: 
	OMSCalls cannot be resolved to a type
	OMSCalls cannot be resolved to a type
">
      <![CDATA[java.lang.Error: Unresolved compilation problems: 
	OMSCalls cannot be resolved to a type
	OMSCalls cannot be resolved to a type

	at poseidon.Tests.SaksTest.TestsForSAKS(SaksTest.java:32)
	at org.apache.maven.surefire.testng.TestNGExecutor.run(TestNGExecutor.java:77)
	at org.apache.maven.surefire.testng.TestNGDirectoryTestSuite.executeMulti(TestNGDirectoryTestSuite.java:159)
	at org.apache.maven.surefire.testng.TestNGDirectoryTestSuite.execute(TestNGDirectoryTestSuite.java:99)
	at org.apache.maven.surefire.testng.TestNGProvider.invoke(TestNGProvider.java:106)
	at org.apache.maven.surefire.util.ReflectionUtils.invokeMethodWithArray(ReflectionUtils.java:189)
	at org.apache.maven.surefire.booter.ProviderFactory$ProviderProxy.invoke(ProviderFactory.java:165)
	at org.apache.maven.surefire.booter.ProviderFactory.invokeProvider(ProviderFactory.java:85)
	at org.apache.maven.surefire.booter.ForkedBooter.runSuitesInProcess(ForkedBooter.java:115)
	at org.apache.maven.surefire.booter.ForkedBooter.main(ForkedBooter.java:75)
... Removed 25 stack frames]]>
    </failure>
  </testcase> <!-- TestsForSAKS -->
  <testcase classname="poseidon.Tests.SaksTest" name="runner" time="0.0">
    <failure type="java.lang.Error" message="Unresolved compilation problems: 
	OMSCalls cannot be resolved to a type
	OMSCalls cannot be resolved to a type
">
      <![CDATA[java.lang.Error: Unresolved compilation problems: 
	OMSCalls cannot be resolved to a type
	OMSCalls cannot be resolved to a type

	at poseidon.Tests.SaksTest.TestsForSAKS(SaksTest.java:32)
	at poseidon.Tests.SaksTest.runner(SaksTest.java:18)
	at org.apache.maven.surefire.testng.TestNGExecutor.run(TestNGExecutor.java:77)
	at org.apache.maven.surefire.testng.TestNGDirectoryTestSuite.executeMulti(TestNGDirectoryTestSuite.java:159)
	at org.apache.maven.surefire.testng.TestNGDirectoryTestSuite.execute(TestNGDirectoryTestSuite.java:99)
	at org.apache.maven.surefire.testng.TestNGProvider.invoke(TestNGProvider.java:106)
	at org.apache.maven.surefire.util.ReflectionUtils.invokeMethodWithArray(ReflectionUtils.java:189)
	at org.apache.maven.surefire.booter.ProviderFactory$ProviderProxy.invoke(ProviderFactory.java:165)
	at org.apache.maven.surefire.booter.ProviderFactory.invokeProvider(ProviderFactory.java:85)
	at org.apache.maven.surefire.booter.ForkedBooter.runSuitesInProcess(ForkedBooter.java:115)
	at org.apache.maven.surefire.booter.ForkedBooter.main(ForkedBooter.java:75)
... Removed 25 stack frames]]>
    </failure>
  </testcase> <!-- runner -->
</testsuite> <!-- Command line test -->
