<?xml version="1.0" encoding="UTF-8"?>
<!-- Generated by org.testng.reporters.JUnitXMLReporter -->
<<<<<<< HEAD
<testsuite hostname="M-C02WP08THTD8.hbc.com" ignored="0" name="Default test" tests="1" failures="0" timestamp="26 Nov 2018 09:52:27 GMT" time="992.223" errors="0">
  <testcase name="TestsForSAKS" time="992.206" classname="OMS.POSEIDON.Baytest"/>
=======
<<<<<<< HEAD
<testsuite hostname="M-C02WP08THTD8.hbc.com" ignored="1" name="Default test" tests="1" failures="1" timestamp="27 Nov 2018 07:18:42 GMT" time="110.568" errors="0">
  <testcase name="TestsForSAKSMQ" time="110.543" classname="OMS.POSEIDON.Tests">
    <failure type="java.lang.AssertionError" message="expected [false] but found [true]">
      <![CDATA[java.lang.AssertionError: expected [false] but found [true]
at org.testng.Assert.fail(Assert.java:96)
at org.testng.Assert.failNotEquals(Assert.java:776)
at org.testng.Assert.assertEqualsImpl(Assert.java:137)
at org.testng.Assert.assertEquals(Assert.java:118)
at org.testng.Assert.assertEquals(Assert.java:568)
at org.testng.Assert.assertEquals(Assert.java:578)
at com.BaseClass.MultiqunatityAllTenderTypes.MultiLineAmex(MultiqunatityAllTenderTypes.java:154)
at OMS.POSEIDON.Tests.TestsForSAKSMQ(Tests.java:73)
=======
<testsuite hostname="M-C02WP08THTD8.hbc.com" ignored="0" name="Default test" tests="1" failures="1" timestamp="22 Nov 2018 06:57:32 GMT" time="17.231" errors="0">
  <testcase name="TestsForSAKS" time="17.203" classname="OMS.POSEIDON.Tests">
    <failure type="java.io.FileNotFoundException" message="/Users/h895458/git/Poseidon/POSEIDON/src/main/java/oms/Poseidon/Webservices/Requests.properties (No such file or directory)">
      <![CDATA[java.io.FileNotFoundException: /Users/h895458/git/Poseidon/POSEIDON/src/main/java/oms/Poseidon/Webservices/Requests.properties (No such file or directory)
at java.io.FileInputStream.open0(Native Method)
at java.io.FileInputStream.open(FileInputStream.java:195)
at java.io.FileInputStream.<init>(FileInputStream.java:138)
at java.io.FileInputStream.<init>(FileInputStream.java:93)
at oms.Poseidon.Webservices.OMSCalls.getRequestProperty(OMSCalls.java:102)
at oms.Poseidon.Webservices.OMSCalls.getOrderDetails(OMSCalls.java:25)
at OMS.POSEIDON.Tests.TestsForSAKS(Tests.java:23)
>>>>>>> parent of 2404fcd... First Commit
at sun.reflect.NativeMethodAccessorImpl.invoke0(Native Method)
at sun.reflect.NativeMethodAccessorImpl.invoke(NativeMethodAccessorImpl.java:62)
at sun.reflect.DelegatingMethodAccessorImpl.invoke(DelegatingMethodAccessorImpl.java:43)
at java.lang.reflect.Method.invoke(Method.java:498)
at org.testng.internal.MethodInvocationHelper.invokeMethod(MethodInvocationHelper.java:124)
at org.testng.internal.Invoker.invokeMethod(Invoker.java:580)
at org.testng.internal.Invoker.invokeTestMethod(Invoker.java:716)
at org.testng.internal.Invoker.invokeTestMethods(Invoker.java:988)
at org.testng.internal.TestMethodWorker.invokeTestMethods(TestMethodWorker.java:125)
at org.testng.internal.TestMethodWorker.run(TestMethodWorker.java:109)
at org.testng.TestRunner.privateRun(TestRunner.java:648)
at org.testng.TestRunner.run(TestRunner.java:505)
at org.testng.SuiteRunner.runTest(SuiteRunner.java:455)
at org.testng.SuiteRunner.runSequentially(SuiteRunner.java:450)
at org.testng.SuiteRunner.privateRun(SuiteRunner.java:415)
at org.testng.SuiteRunner.run(SuiteRunner.java:364)
at org.testng.SuiteRunnerWorker.runSuite(SuiteRunnerWorker.java:52)
at org.testng.SuiteRunnerWorker.run(SuiteRunnerWorker.java:84)
at org.testng.TestNG.runSuitesSequentially(TestNG.java:1208)
at org.testng.TestNG.runSuitesLocally(TestNG.java:1137)
at org.testng.TestNG.runSuites(TestNG.java:1049)
at org.testng.TestNG.run(TestNG.java:1017)
at org.testng.remote.AbstractRemoteTestNG.run(AbstractRemoteTestNG.java:114)
at org.testng.remote.RemoteTestNG.initAndRun(RemoteTestNG.java:251)
at org.testng.remote.RemoteTestNG.main(RemoteTestNG.java:77)
]]>
    </failure>
<<<<<<< HEAD
  </testcase> <!-- TestsForSAKSMQ -->
  <testcase name="TestsForSAKS" time="0.0" classname="OMS.POSEIDON.Tests">
    <ignored/>
=======
>>>>>>> parent of 2404fcd... First Commit
  </testcase> <!-- TestsForSAKS -->
>>>>>>> branch 'master' of https://github.com/kaidhar/Poseidon.git
</testsuite> <!-- Default test -->
